Arguments: 
  /usr/local/bin/node /usr/share/yarn/bin/yarn.js

PATH: 
  /home/usuario/.cargo/bin:/home/usuario/.local/bin:/home/usuario/.cargo/bin:/home/usuario/.local/bin:/usr/local/sbin:/usr/local/bin:/usr/sbin:/usr/bin:/sbin:/bin:/usr/games:/usr/local/games:/snap/bin:/home/usuario/.dotnet/tools:/home/usuario/.dotnet/tools:/home/usuario/Android/Sdk/tools:/home/usuario/Android/Sdk/platform-tools:/home/usuario/Android/Sdk/tools:/home/usuario/Android/Sdk/platform-tools

Yarn version: 
  1.22.5

Node version: 
  16.13.1

Platform: 
  linux x64

Trace: 
  SyntaxError: /home/usuario/Escritorio/csd-bridge/package.json: Unexpected token / in JSON at position 675
      at JSON.parse (<anonymous>)
      at /usr/share/yarn/lib/cli.js:1625:59
      at Generator.next (<anonymous>)
      at step (/usr/share/yarn/lib/cli.js:310:30)
      at /usr/share/yarn/lib/cli.js:321:13

npm manifest: 
  {
    "name": "eth-bsc-bridge",
    "version": "1.0.0",
    "description": "",
    "main": "truffle-config.js",
    "directories": {
      "test": "test"
    },
    "scripts": {
      "start": "react-scripts start",
      "build": "react-scripts build",
      "test": "echo \"Error: no test specified\" && exit 1"
    },
    "keywords": [],
    "author": "",
    "license": "ISC",
    "dependencies": {
      "@openzeppelin/contracts": "^4.4.1",
      "@truffle/hdwallet-provider": "^1.2.3",
      "@walletconnect/web3-provider": "^1.7.1",
      "authereum": "^0.1.14",
      "ethereumjs-tx": "^2.1.2",
      "ethers": "^5.5.3",
      "openzeppelin-solidity": "4.4.0",
      "web3": "^1.3.4",
      "web3modal": "^1.9.5"
      //,"contracts" : "file:./csd-bridge/build/contracts"
    }
  }

yarn manifest: 
  No manifest

Lockfile: 
  No lockfile
